<?xml version="1.0" encoding="UTF-8"?>
<!-- Generated by org.testng.reporters.JUnitXMLReporter -->
<testsuite ignored="2" hostname="DESKTOP-3N8OHH5" failures="0" tests="16" name="Negative" time="160.129" errors="0" timestamp="2025-01-28T16:36:34 CET">
  <testcase classname="com.foodnow.tests.RegistrationNegativeTests" name="registrationNegativeTests" time="2.72"/>
  <testcase classname="com.foodnow.tests.RegistrationNegativeTests" name="registrationNegativeTests" time="3.303"/>
  <testcase classname="com.foodnow.tests.RegistrationNegativeTests" name="registrationNegativeTests" time="2.366"/>
  <testcase classname="com.foodnow.tests.RegistrationNegativeTests" name="registrationNegativeTests" time="1.806"/>
  <testcase classname="com.foodnow.tests.RegistrationNegativeTests" name="registrationNegativeTests" time="2.07"/>
  <testcase classname="com.foodnow.tests.RegistrationNegativeTests" name="registrationNegativeTests" time="1.999"/>
  <testcase classname="com.foodnow.tests.RegistrationNegativeTests" name="registrationNegativeTests" time="2.574"/>
  <testcase classname="com.foodnow.tests.RegistrationNegativeTests" name="registrationNegativeTests" time="2.934"/>
  <testcase classname="com.foodnow.tests.RegistrationNegativeTests" name="registrationNegativeTests" time="6.242"/>
  <testcase classname="com.foodnow.tests.RegistrationNegativeTests" name="registrationNegativeTests" time="2.728"/>
  <testcase classname="com.foodnow.tests.LoginNegativeTests" name="loginWithEmailWithoutSpecialSymbolTest" time="1.635"/>
  <testcase classname="com.foodnow.tests.LoginNegativeTests" name="loginWithEmptyEmailTest" time="1.27"/>
  <testcase classname="com.foodnow.tests.LoginNegativeTests" name="loginWithEmptyPasswordTest" time="1.569"/>
  <testcase classname="com.foodnow.tests.LoginNegativeTests" name="loginWithInvalidEmailTest" time="2.327"/>
  <testcase classname="com.foodnow.tests.LoginNegativeTests" name="loginWithInvalidPasswordTest" time="3.581"/>
  <testcase classname="com.foodnow.tests.CartNegativeTest" name="addProductNegativeTest" time="1.253"/>
  <testcase classname="com.foodnow.tests.TestBase" name="@AfterSuite tearDown" time="0.0">
    <ignored/>
  </testcase> <!-- @AfterSuite tearDown -->
  <testcase classname="com.foodnow.tests.TestBase" name="@AfterSuite tearDown" time="0.0">
    <ignored/>
  </testcase> <!-- @AfterSuite tearDown -->
</testsuite> <!-- Negative -->
